Line 145: Class MSComCtl2.DTPicker of control dtp3 was not a loaded control class.
Line 187: Class MSComCtl2.DTPicker of control dtp7 was not a loaded control class.
Line 199: Class MSComCtl2.DTPicker of control dtp4 was not a loaded control class.
Line 211: Class MSComCtl2.DTPicker of control dtp8 was not a loaded control class.
Line 306: Class MSComCtl2.DTPicker of control dtp1 was not a loaded control class.
Line 390: Class MSComCtl2.DTPicker of control dtp2 was not a loaded control class.
Line 402: Class MSComCtl2.DTPicker of control dtp5 was not a loaded control class.
Line 414: Class MSComCtl2.DTPicker of control dtp6 was not a loaded control class.
Line 426: Class SSDataWidgets_B.SSDBGrid of control SSDBGrid1 was not a loaded control class.
Line 1214: Class SSDataWidgets_B.SSDBGrid of control SSDBGrid2 was not a loaded control class.
Line 151: The property name _ExtentX in dtp3 is invalid.
Line 152: The property name _ExtentY in dtp3 is invalid.
Line 153: The property name _Version in dtp3 is invalid.
Line 154: The property name Format in dtp3 is invalid.
Line 155: The property name CurrentDate in dtp3 is invalid.
Line 193: The property name _ExtentX in dtp7 is invalid.
Line 194: The property name _ExtentY in dtp7 is invalid.
Line 195: The property name _Version in dtp7 is invalid.
Line 196: The property name Format in dtp7 is invalid.
Line 197: The property name CurrentDate in dtp7 is invalid.
Line 205: The property name _ExtentX in dtp4 is invalid.
Line 206: The property name _ExtentY in dtp4 is invalid.
Line 207: The property name _Version in dtp4 is invalid.
Line 208: The property name Format in dtp4 is invalid.
Line 209: The property name CurrentDate in dtp4 is invalid.
Line 217: The property name _ExtentX in dtp8 is invalid.
Line 218: The property name _ExtentY in dtp8 is invalid.
Line 219: The property name _Version in dtp8 is invalid.
Line 220: The property name Format in dtp8 is invalid.
Line 221: The property name CurrentDate in dtp8 is invalid.
Line 312: The property name _ExtentX in dtp1 is invalid.
Line 313: The property name _ExtentY in dtp1 is invalid.
Line 314: The property name _Version in dtp1 is invalid.
Line 315: The property name Format in dtp1 is invalid.
Line 316: The property name CurrentDate in dtp1 is invalid.
Line 396: The property name _ExtentX in dtp2 is invalid.
Line 397: The property name _ExtentY in dtp2 is invalid.
Line 398: The property name _Version in dtp2 is invalid.
Line 399: The property name Format in dtp2 is invalid.
Line 400: The property name CurrentDate in dtp2 is invalid.
Line 408: The property name _ExtentX in dtp5 is invalid.
Line 409: The property name _ExtentY in dtp5 is invalid.
Line 410: The property name _Version in dtp5 is invalid.
Line 411: The property name Format in dtp5 is invalid.
Line 412: The property name CurrentDate in dtp5 is invalid.
Line 420: The property name _ExtentX in dtp6 is invalid.
Line 421: The property name _ExtentY in dtp6 is invalid.
Line 422: The property name _Version in dtp6 is invalid.
Line 423: The property name Format in dtp6 is invalid.
Line 424: The property name CurrentDate in dtp6 is invalid.
Line 427: The property name Bindings in SSDBGrid1 is invalid.
Line 433: The property name _Version in SSDBGrid1 is invalid.
Line 434: The property name AllowUpdate in SSDBGrid1 is invalid.
Line 435: The property name SelectTypeRow in SSDBGrid1 is invalid.
Line 436: The property name RowHeight in SSDBGrid1 is invalid.
Line 437: The property name Columns.Count in SSDBGrid1 is invalid.
Line 438: The property name Columns(0).Width in SSDBGrid1 is invalid.
Line 439: The property name Columns(0).Caption in SSDBGrid1 is invalid.
Line 440: The property name Columns(0).Name in SSDBGrid1 is invalid.
Line 441: The property name Columns(0).DataField in SSDBGrid1 is invalid.
Line 442: The property name Columns(0).DataType in SSDBGrid1 is invalid.
Line 443: The property name Columns(0).NumberFormat in SSDBGrid1 is invalid.
Line 444: The property name Columns(0).FieldLen in SSDBGrid1 is invalid.
Line 445: The property name Columns(1).Width in SSDBGrid1 is invalid.
Line 446: The property name Columns(1).Caption in SSDBGrid1 is invalid.
Line 447: The property name Columns(1).Name in SSDBGrid1 is invalid.
Line 448: The property name Columns(1).DataField in SSDBGrid1 is invalid.
Line 449: The property name Columns(1).DataType in SSDBGrid1 is invalid.
Line 450: The property name Columns(1).NumberFormat in SSDBGrid1 is invalid.
Line 451: The property name Columns(1).FieldLen in SSDBGrid1 is invalid.
Line 452: The property name Columns(2).Width in SSDBGrid1 is invalid.
Line 453: The property name Columns(2).Caption in SSDBGrid1 is invalid.
Line 454: The property name Columns(2).Name in SSDBGrid1 is invalid.
Line 455: The property name Columns(2).DataField in SSDBGrid1 is invalid.
Line 456: The property name Columns(2).FieldLen in SSDBGrid1 is invalid.
Line 457: The property name Columns(3).Width in SSDBGrid1 is invalid.
Line 458: The property name Columns(3).Caption in SSDBGrid1 is invalid.
Line 459: The property name Columns(3).Name in SSDBGrid1 is invalid.
Line 460: The property name Columns(3).DataField in SSDBGrid1 is invalid.
Line 461: The property name Columns(3).FieldLen in SSDBGrid1 is invalid.
Line 462: The property name Columns(4).Width in SSDBGrid1 is invalid.
Line 463: The property name Columns(4).Caption in SSDBGrid1 is invalid.
Line 464: The property name Columns(4).Name in SSDBGrid1 is invalid.
Line 465: The property name Columns(4).DataField in SSDBGrid1 is invalid.
Line 466: The property name Columns(4).FieldLen in SSDBGrid1 is invalid.
Line 467: The property name Columns(5).Width in SSDBGrid1 is invalid.
Line 468: The property name Columns(5).Caption in SSDBGrid1 is invalid.
Line 469: The property name Columns(5).Name in SSDBGrid1 is invalid.
Line 470: The property name Columns(5).DataField in SSDBGrid1 is invalid.
Line 471: The property name Columns(5).FieldLen in SSDBGrid1 is invalid.
Line 472: The property name Columns(6).Width in SSDBGrid1 is invalid.
Line 473: The property name Columns(6).Caption in SSDBGrid1 is invalid.
Line 474: The property name Columns(6).Name in SSDBGrid1 is invalid.
Line 475: The property name Columns(6).DataField in SSDBGrid1 is invalid.
Line 476: The property name Columns(6).FieldLen in SSDBGrid1 is invalid.
Line 477: The property name _ExtentX in SSDBGrid1 is invalid.
Line 478: The property name _ExtentY in SSDBGrid1 is invalid.
Line 479: The property name _StockProps in SSDBGrid1 is invalid.
Line 480: The property name Caption in SSDBGrid1 is invalid.
Line 1215: The property name Bindings in SSDBGrid2 is invalid.
Line 1221: The property name _Version in SSDBGrid2 is invalid.
Line 1222: The property name AllowUpdate in SSDBGrid2 is invalid.
Line 1223: The property name SelectTypeRow in SSDBGrid2 is invalid.
Line 1224: The property name RowHeight in SSDBGrid2 is invalid.
Line 1225: The property name Columns.Count in SSDBGrid2 is invalid.
Line 1226: The property name Columns(0).Width in SSDBGrid2 is invalid.
Line 1227: The property name Columns(0).Caption in SSDBGrid2 is invalid.
Line 1228: The property name Columns(0).Name in SSDBGrid2 is invalid.
Line 1229: The property name Columns(0).DataField in SSDBGrid2 is invalid.
Line 1230: The property name Columns(0).DataType in SSDBGrid2 is invalid.
Line 1231: The property name Columns(0).NumberFormat in SSDBGrid2 is invalid.
Line 1232: The property name Columns(0).FieldLen in SSDBGrid2 is invalid.
Line 1233: The property name Columns(1).Width in SSDBGrid2 is invalid.
Line 1234: The property name Columns(1).Caption in SSDBGrid2 is invalid.
Line 1235: The property name Columns(1).Name in SSDBGrid2 is invalid.
Line 1236: The property name Columns(1).DataField in SSDBGrid2 is invalid.
Line 1237: The property name Columns(1).FieldLen in SSDBGrid2 is invalid.
Line 1238: The property name Columns(2).Width in SSDBGrid2 is invalid.
Line 1239: The property name Columns(2).Caption in SSDBGrid2 is invalid.
Line 1240: The property name Columns(2).Name in SSDBGrid2 is invalid.
Line 1241: The property name Columns(2).DataField in SSDBGrid2 is invalid.
Line 1242: The property name Columns(2).DataType in SSDBGrid2 is invalid.
Line 1243: The property name Columns(2).NumberFormat in SSDBGrid2 is invalid.
Line 1244: The property name Columns(2).FieldLen in SSDBGrid2 is invalid.
Line 1245: The property name Columns(3).Width in SSDBGrid2 is invalid.
Line 1246: The property name Columns(3).Caption in SSDBGrid2 is invalid.
Line 1247: The property name Columns(3).Name in SSDBGrid2 is invalid.
Line 1248: The property name Columns(3).DataField in SSDBGrid2 is invalid.
Line 1249: The property name Columns(3).FieldLen in SSDBGrid2 is invalid.
Line 1250: The property name Columns(4).Width in SSDBGrid2 is invalid.
Line 1251: The property name Columns(4).Caption in SSDBGrid2 is invalid.
Line 1252: The property name Columns(4).Name in SSDBGrid2 is invalid.
Line 1253: The property name Columns(4).DataField in SSDBGrid2 is invalid.
Line 1254: The property name Columns(4).FieldLen in SSDBGrid2 is invalid.
Line 1255: The property name Columns(5).Width in SSDBGrid2 is invalid.
Line 1256: The property name Columns(5).Caption in SSDBGrid2 is invalid.
Line 1257: The property name Columns(5).Name in SSDBGrid2 is invalid.
Line 1258: The property name Columns(5).DataField in SSDBGrid2 is invalid.
Line 1259: The property name Columns(5).FieldLen in SSDBGrid2 is invalid.
Line 1260: The property name Columns(6).Width in SSDBGrid2 is invalid.
Line 1261: The property name Columns(6).Caption in SSDBGrid2 is invalid.
Line 1262: The property name Columns(6).Name in SSDBGrid2 is invalid.
Line 1263: The property name Columns(6).DataField in SSDBGrid2 is invalid.
Line 1264: The property name Columns(6).FieldLen in SSDBGrid2 is invalid.
Line 1265: The property name Columns(7).Width in SSDBGrid2 is invalid.
Line 1266: The property name Columns(7).Caption in SSDBGrid2 is invalid.
Line 1267: The property name Columns(7).Name in SSDBGrid2 is invalid.
Line 1268: The property name Columns(7).DataField in SSDBGrid2 is invalid.
Line 1269: The property name Columns(7).FieldLen in SSDBGrid2 is invalid.
Line 1270: The property name _ExtentX in SSDBGrid2 is invalid.
Line 1271: The property name _ExtentY in SSDBGrid2 is invalid.
Line 1272: The property name _StockProps in SSDBGrid2 is invalid.
Line 1273: The property name Caption in SSDBGrid2 is invalid.
